<html><head><meta charset='utf-8'><title>Auto Code Report</title><style>body{font-family:Consolas,monospace;background:#111;color:#eee;padding:2em}pre{white-space:pre-wrap;word-wrap:break-word}.score{font-size:18px;margin-bottom:16px;padding:12px;border-radius:8px;background:#1b1b1b}.pill{display:inline-block;margin-right:10px;padding:6px 10px;border-radius:999px;background:#222}.ok{color:#87d37c}.warn{color:#f9ca24}.bad{color:#ff6b6b}</style></head><body><pre>üìä CODE SUMMARY
‚îÄ‚îÄ‚îÄ‚îÄ‚îÄ‚îÄ‚îÄ‚îÄ‚îÄ‚îÄ‚îÄ‚îÄ‚îÄ‚îÄ‚îÄ‚îÄ‚îÄ‚îÄ‚îÄ‚îÄ‚îÄ‚îÄ‚îÄ‚îÄ‚îÄ‚îÄ‚îÄ‚îÄ‚îÄ‚îÄ
üìä CODE SUMMARY
‚îÄ‚îÄ‚îÄ‚îÄ‚îÄ‚îÄ‚îÄ‚îÄ‚îÄ‚îÄ‚îÄ‚îÄ‚îÄ‚îÄ‚îÄ‚îÄ‚îÄ‚îÄ‚îÄ‚îÄ‚îÄ‚îÄ‚îÄ‚îÄ‚îÄ‚îÄ‚îÄ‚îÄ‚îÄ‚îÄ
‚úÖ Pylint Score: 0.00/10
‚ö†Ô∏è Flake8 Issues: 4
üîí Bandit Findings: 0 High, 0 Medium, 0 Low
üîç Mypy Errors: 1

# üß† Leviathan Auto Code Report (2025-10-26_12-13-58)

### üîπ Security Pre-Scan (dangerous patterns)

Scanned 6 python files
Findings saved -&gt; C:\Users\dan_y\Downloads\Compressed\leviathan_os_pro\leviathan_os_pro\exports\code_reports\danger_findings.json


### üîπ Syntax Check

(no output)


### üîπ Flake8 Style

C:\Users\dan_y\Downloads\Compressed\leviathan_os_pro\leviathan_os_pro\leviathan\ingestors\google_trends.py:3:12: E999 SyntaxError: unexpected character after line continuation character
C:\Users\dan_y\Downloads\Compressed\leviathan_os_pro\leviathan_os_pro\leviathan\ingestors\reddit.py:4:12: E999 SyntaxError: unexpected character after line continuation character
C:\Users\dan_y\Downloads\Compressed\leviathan_os_pro\leviathan_os_pro\leviathan\ingestors\youtube.py:4:14: E999 SyntaxError: unexpected character after line continuation character
C:\Users\dan_y\Downloads\Compressed\leviathan_os_pro\leviathan_os_pro\leviathan\processors\trends.py:1:16: E999 SyntaxError: unexpected character after line continuation character


### üîπ Pylint Logic

************* Module ingestors.google_trends
leviathan\ingestors\google_trends.py:3:11: E0001: Parsing failed: 'unexpected character after line continuation character (ingestors.google_trends, line 3)' (syntax-error)
************* Module ingestors.reddit
leviathan\ingestors\reddit.py:4:11: E0001: Parsing failed: 'unexpected character after line continuation character (ingestors.reddit, line 4)' (syntax-error)
************* Module ingestors.youtube
leviathan\ingestors\youtube.py:4:13: E0001: Parsing failed: 'unexpected character after line continuation character (ingestors.youtube, line 4)' (syntax-error)
************* Module processors.trends
leviathan\processors\trends.py:1:15: E0001: Parsing failed: 'unexpected character after line continuation character (processors.trends, line 1)' (syntax-error)
************* Module utils
leviathan\utils.py:1:0: C0114: Missing module docstring (missing-module-docstring)
leviathan\utils.py:27:11: W0718: Catching too general exception Exception (broad-exception-caught)
************* Module processors.cluster
leviathan\processors\cluster.py:1:0: C0114: Missing module docstring (missing-module-docstring)
leviathan\processors\cluster.py:7:0: C0116: Missing function or method docstring (missing-function-docstring)
leviathan\processors\cluster.py:11:4: C0103: Variable name "X" doesn't conform to snake_case naming style (invalid-name)

------------------------------------------------------------------
Your code has been rated at 5.10/10 (previous run: 5.10/10, +0.00)


### üîπ Bandit Security

Run started:2025-10-26 04:13:57.857664

Test results:
	No issues identified.

Code scanned:
	Total lines of code: 199
	Total lines skipped (#nosec): 0
	Total potential issues skipped due to specifically being disabled (e.g., #nosec BXXX): 0

Run metrics:
	Total issues (by severity):
		Undefined: 0
		Low: 0
		Medium: 0
		High: 0
	Total issues (by confidence):
		Undefined: 0
		Low: 0
		Medium: 0
		High: 0
Files skipped (4):
	C:\Users\dan_y\Downloads\Compressed\leviathan_os_pro\leviathan_os_pro\leviathan\ingestors\google_trends.py (syntax error while parsing AST from file)
	C:\Users\dan_y\Downloads\Compressed\leviathan_os_pro\leviathan_os_pro\leviathan\ingestors\reddit.py (syntax error while parsing AST from file)
	C:\Users\dan_y\Downloads\Compressed\leviathan_os_pro\leviathan_os_pro\leviathan\ingestors\youtube.py (syntax error while parsing AST from file)
	C:\Users\dan_y\Downloads\Compressed\leviathan_os_pro\leviathan_os_pro\leviathan\processors\trends.py (syntax error while parsing AST from file)
[main]	INFO	profile include tests: None
[main]	INFO	profile exclude tests: None
[main]	INFO	cli include tests: None
[main]	INFO	cli exclude tests: None
[main]	INFO	running on Python 3.11.9


### üîπ Mypy Typing

leviathan\ingestors\google_trends.py:3: error: Unexpected character after line continuation character  [syntax]
Found 1 error in 1 file (errors prevented further checking)


### üîπ Changes Since Last Report

--- 

+++ 

@@ -1,20 +1,35 @@

-# üß† Auto Code Check PRO
+üìä CODE SUMMARY
+‚îÄ‚îÄ‚îÄ‚îÄ‚îÄ‚îÄ‚îÄ‚îÄ‚îÄ‚îÄ‚îÄ‚îÄ‚îÄ‚îÄ‚îÄ‚îÄ‚îÄ‚îÄ‚îÄ‚îÄ‚îÄ‚îÄ‚îÄ‚îÄ‚îÄ‚îÄ‚îÄ‚îÄ‚îÄ‚îÄ
+üìä CODE SUMMARY
+‚îÄ‚îÄ‚îÄ‚îÄ‚îÄ‚îÄ‚îÄ‚îÄ‚îÄ‚îÄ‚îÄ‚îÄ‚îÄ‚îÄ‚îÄ‚îÄ‚îÄ‚îÄ‚îÄ‚îÄ‚îÄ‚îÄ‚îÄ‚îÄ‚îÄ‚îÄ‚îÄ‚îÄ‚îÄ‚îÄ
+‚úÖ Pylint Score: 0.00/10
+‚ö†Ô∏è Flake8 Issues: 4
+üîí Bandit Findings: 0 High, 0 Medium, 0 Low
+üîç Mypy Errors: 1
 
-## Syntax Check
-```
+# üß† Leviathan Auto Code Report (2025-10-26_12-13-58)
 
-```
+### üîπ Security Pre-Scan (dangerous patterns)
 
-## Flake8 Style
-```
+Scanned 6 python files
+Findings saved -&gt; C:\Users\dan_y\Downloads\Compressed\leviathan_os_pro\leviathan_os_pro\exports\code_reports\danger_findings.json
+
+
+### üîπ Syntax Check
+
+(no output)
+
+
+### üîπ Flake8 Style
+
 C:\Users\dan_y\Downloads\Compressed\leviathan_os_pro\leviathan_os_pro\leviathan\ingestors\google_trends.py:3:12: E999 SyntaxError: unexpected character after line continuation character
 C:\Users\dan_y\Downloads\Compressed\leviathan_os_pro\leviathan_os_pro\leviathan\ingestors\reddit.py:4:12: E999 SyntaxError: unexpected character after line continuation character
 C:\Users\dan_y\Downloads\Compressed\leviathan_os_pro\leviathan_os_pro\leviathan\ingestors\youtube.py:4:14: E999 SyntaxError: unexpected character after line continuation character
 C:\Users\dan_y\Downloads\Compressed\leviathan_os_pro\leviathan_os_pro\leviathan\processors\trends.py:1:16: E999 SyntaxError: unexpected character after line continuation character
-```
 
-## Pylint Logic
-```
+
+### üîπ Pylint Logic
+
 ************* Module ingestors.google_trends
 leviathan\ingestors\google_trends.py:3:11: E0001: Parsing failed: 'unexpected character after line continuation character (ingestors.google_trends, line 3)' (syntax-error)
 ************* Module ingestors.reddit
@@ -32,12 +47,12 @@

 leviathan\processors\cluster.py:11:4: C0103: Variable name "X" doesn't conform to snake_case naming style (invalid-name)
 
 ------------------------------------------------------------------
-Your code has been rated at 5.10/10 (previous run: 0.00/10, +5.10)
-```
+Your code has been rated at 5.10/10 (previous run: 5.10/10, +0.00)
 
-## Bandit Security
-```
-Run started:2025-10-26 03:46:51.945688
+
+### üîπ Bandit Security
+
+Run started:2025-10-26 04:13:57.857664
 
 Test results:
 	No issues identified.
@@ -68,417 +83,11 @@

 [main]	INFO	cli include tests: None
 [main]	INFO	cli exclude tests: None
 [main]	INFO	running on Python 3.11.9
-```
 
-## Mypy Typing
-```
+
+### üîπ Mypy Typing
+
 leviathan\ingestors\google_trends.py:3: error: Unexpected character after line continuation character  [syntax]
 Found 1 error in 1 file (errors prevented further checking)
-```
 
-## üîç Changes Since Last Report
-```
---- 
 
-+++ 
-
-@@ -11,13 +11,10 @@
-
- C:\Users\dan_y\Downloads\Compressed\leviathan_os_pro\leviathan_os_pro\leviathan\ingestors\reddit.py:4:12: E999 SyntaxError: unexpected character after line continuation character
- C:\Users\dan_y\Downloads\Compressed\leviathan_os_pro\leviathan_os_pro\leviathan\ingestors\youtube.py:4:14: E999 SyntaxError: unexpected character after line continuation character
- C:\Users\dan_y\Downloads\Compressed\leviathan_os_pro\leviathan_os_pro\leviathan\processors\trends.py:1:16: E999 SyntaxError: unexpected character after line continuation character
--C:\Users\dan_y\Downloads\Compressed\leviathan_os_pro\leviathan_os_pro\leviathan\utils.py:8:22: E999 SyntaxError: unexpected character after line continuation character
- ```
- 
- ## Pylint Logic
- ```
--************* Module utils
--leviathan\utils.py:8:21: E0001: Parsing failed: 'unexpected character after line continuation character (utils, line 8)' (syntax-error)
- ************* Module ingestors.google_trends
- leviathan\ingestors\google_trends.py:3:11: E0001: Parsing failed: 'unexpected character after line continuation character (ingestors.google_trends, line 3)' (syntax-error)
- ************* Module ingestors.reddit
-@@ -26,24 +23,27 @@
-
- leviathan\ingestors\youtube.py:4:13: E0001: Parsing failed: 'unexpected character after line continuation character (ingestors.youtube, line 4)' (syntax-error)
- ************* Module processors.trends
- leviathan\processors\trends.py:1:15: E0001: Parsing failed: 'unexpected character after line continuation character (processors.trends, line 1)' (syntax-error)
-+************* Module utils
-+leviathan\utils.py:1:0: C0114: Missing module docstring (missing-module-docstring)
-+leviathan\utils.py:27:11: W0718: Catching too general exception Exception (broad-exception-caught)
- ************* Module processors.cluster
- leviathan\processors\cluster.py:1:0: C0114: Missing module docstring (missing-module-docstring)
- leviathan\processors\cluster.py:7:0: C0116: Missing function or method docstring (missing-function-docstring)
- leviathan\processors\cluster.py:11:4: C0103: Variable name "X" doesn't conform to snake_case naming style (invalid-name)
- 
- ------------------------------------------------------------------
--Your code has been rated at 0.00/10 (previous run: 0.00/10, +0.00)
-+Your code has been rated at 5.10/10 (previous run: 0.00/10, +5.10)
- ```
- 
- ## Bandit Security
- ```
--Run started:2025-10-25 08:55:04.921553
-+Run started:2025-10-26 03:46:51.945688
- 
- Test results:
- 	No issues identified.
- 
- Code scanned:
--	Total lines of code: 181
-+	Total lines of code: 199
- 	Total lines skipped (#nosec): 0
- 	Total potential issues skipped due to specifically being disabled (e.g., #nosec BXXX): 0
- 
-@@ -58,12 +58,11 @@
-
- 		Low: 0
- 		Medium: 0
- 		High: 0
--Files skipped (5):
-+Files skipped (4):
- 	C:\Users\dan_y\Downloads\Compressed\leviathan_os_pro\leviathan_os_pro\leviathan\ingestors\google_trends.py (syntax error while parsing AST from file)
- 	C:\Users\dan_y\Downloads\Compressed\leviathan_os_pro\leviathan_os_pro\leviathan\ingestors\reddit.py (syntax error while parsing AST from file)
- 	C:\Users\dan_y\Downloads\Compressed\leviathan_os_pro\leviathan_os_pro\leviathan\ingestors\youtube.py (syntax error while parsing AST from file)
- 	C:\Users\dan_y\Downloads\Compressed\leviathan_os_pro\leviathan_os_pro\leviathan\processors\trends.py (syntax error while parsing AST from file)
--	C:\Users\dan_y\Downloads\Compressed\leviathan_os_pro\leviathan_os_pro\leviathan\utils.py (syntax error while parsing AST from file)
- [main]	INFO	profile include tests: None
- [main]	INFO	profile exclude tests: None
- [main]	INFO	cli include tests: None
-@@ -77,335 +76,3 @@
-
- Found 1 error in 1 file (errors prevented further checking)
- ```
- 
--## üîç Changes Since Last Report
--```
----- 
--
--+++ 
--
--@@ -32,12 +32,12 @@
--
-- leviathan\processors\cluster.py:11:4: C0103: Variable name "X" doesn't conform to snake_case naming style (invalid-name)
-- 
-- ------------------------------------------------------------------
---Your code has been rated at 0.00/10 (previous run: 7.92/10, -7.92)
--+Your code has been rated at 0.00/10 (previous run: 0.00/10, +0.00)
-- ```
-- 
-- ## Bandit Security
-- ```
---Run started:2025-10-25 08:50:09.507253
--+Run started:2025-10-25 08:55:04.921553
-- 
-- Test results:
-- 	No issues identified.
--@@ -77,307 +77,3 @@
--
-- Found 1 error in 1 file (errors prevented further checking)
-- ```
-- 
---## üîç Changes Since Last Report
---```
------ 
---
---+++ 
---
---@@ -7,87 +7,63 @@
---
--- 
--- ## Flake8 Style
--- ```
----C:\Users\dan_y\Downloads\Compressed\leviathan_os_pro\leviathan_os_pro\leviathan\ingestors\google_trends.py:20:24: E203 whitespace before ':'
---+C:\Users\dan_y\Downloads\Compressed\leviathan_os_pro\leviathan_os_pro\leviathan\ingestors\google_trends.py:3:12: E999 SyntaxError: unexpected character after line continuation character
---+C:\Users\dan_y\Downloads\Compressed\leviathan_os_pro\leviathan_os_pro\leviathan\ingestors\reddit.py:4:12: E999 SyntaxError: unexpected character after line continuation character
---+C:\Users\dan_y\Downloads\Compressed\leviathan_os_pro\leviathan_os_pro\leviathan\ingestors\youtube.py:4:14: E999 SyntaxError: unexpected character after line continuation character
---+C:\Users\dan_y\Downloads\Compressed\leviathan_os_pro\leviathan_os_pro\leviathan\processors\trends.py:1:16: E999 SyntaxError: unexpected character after line continuation character
---+C:\Users\dan_y\Downloads\Compressed\leviathan_os_pro\leviathan_os_pro\leviathan\utils.py:8:22: E999 SyntaxError: unexpected character after line continuation character
--- ```
--- 
--- ## Pylint Logic
--- ```
--- ************* Module utils
----leviathan\utils.py:1:0: C0114: Missing module docstring (missing-module-docstring)
----leviathan\utils.py:8:0: C0116: Missing function or method docstring (missing-function-docstring)
----leviathan\utils.py:15:0: C0116: Missing function or method docstring (missing-function-docstring)
----leviathan\utils.py:19:0: C0116: Missing function or method docstring (missing-function-docstring)
----leviathan\utils.py:23:0: C0116: Missing function or method docstring (missing-function-docstring)
----leviathan\utils.py:45:0: C0116: Missing function or method docstring (missing-function-docstring)
----leviathan\utils.py:53:0: C0116: Missing function or method docstring (missing-function-docstring)
---+leviathan\utils.py:8:21: E0001: Parsing failed: 'unexpected character after line continuation character (utils, line 8)' (syntax-error)
--- ************* Module ingestors.google_trends
----leviathan\ingestors\google_trends.py:1:0: C0114: Missing module docstring (missing-module-docstring)
----leviathan\ingestors\google_trends.py:7:0: C0116: Missing function or method docstring (missing-function-docstring)
----leviathan\ingestors\google_trends.py:27:15: W0718: Catching too general exception Exception (broad-exception-caught)
---+leviathan\ingestors\google_trends.py:3:11: E0001: Parsing failed: 'unexpected character after line continuation character (ingestors.google_trends, line 3)' (syntax-error)
--- ************* Module ingestors.reddit
----leviathan\ingestors\reddit.py:1:0: C0114: Missing module docstring (missing-module-docstring)
----leviathan\ingestors\reddit.py:4:0: C0116: Missing function or method docstring (missing-function-docstring)
----leviathan\ingestors\reddit.py:24:11: W0718: Catching too general exception Exception (broad-exception-caught)
---+leviathan\ingestors\reddit.py:4:11: E0001: Parsing failed: 'unexpected character after line continuation character (ingestors.reddit, line 4)' (syntax-error)
--- ************* Module ingestors.youtube
----leviathan\ingestors\youtube.py:1:0: C0114: Missing module docstring (missing-module-docstring)
----leviathan\ingestors\youtube.py:4:0: C0116: Missing function or method docstring (missing-function-docstring)
----leviathan\ingestors\youtube.py:32:11: W0718: Catching too general exception Exception (broad-exception-caught)
---+leviathan\ingestors\youtube.py:4:13: E0001: Parsing failed: 'unexpected character after line continuation character (ingestors.youtube, line 4)' (syntax-error)
---+************* Module processors.trends
---+leviathan\processors\trends.py:1:15: E0001: Parsing failed: 'unexpected character after line continuation character (processors.trends, line 1)' (syntax-error)
--- ************* Module processors.cluster
--- leviathan\processors\cluster.py:1:0: C0114: Missing module docstring (missing-module-docstring)
--- leviathan\processors\cluster.py:7:0: C0116: Missing function or method docstring (missing-function-docstring)
--- leviathan\processors\cluster.py:11:4: C0103: Variable name "X" doesn't conform to snake_case naming style (invalid-name)
----************* Module processors.trends
----leviathan\processors\trends.py:1:0: C0114: Missing module docstring (missing-module-docstring)
----leviathan\processors\trends.py:1:0: C0116: Missing function or method docstring (missing-function-docstring)
----leviathan\processors\trends.py:16:0: C0116: Missing function or method docstring (missing-function-docstring)
--- 
--- ------------------------------------------------------------------
----Your code has been rated at 7.92/10 (previous run: 7.92/10, +0.00)
---+Your code has been rated at 0.00/10 (previous run: 7.92/10, -7.92)
--- ```
--- 
--- ## Bandit Security
--- ```
----Run started:2025-10-25 08:29:55.794388
---+Run started:2025-10-25 08:50:09.507253
--- 
--- Test results:
----&gt;&gt; Issue: [B311:blacklist] Standard pseudo-random generators are not suitable for security/cryptographic purposes.
----   Severity: Low   Confidence: High
----   CWE: CWE-330 (https://cwe.mitre.org/data/definitions/330.html)
----   More Info: https://bandit.readthedocs.io/en/1.8.6/blacklists/blacklist_calls.html#b311-random
----   Location: C:\Users\dan_y\Downloads\Compressed\leviathan_os_pro\leviathan_os_pro\leviathan\ingestors\google_trends.py:30:31
----29	                out[k] = {
----30	                    "series": [random.randint(0, 10) for _ in range(12)],
----31	                    "latest": random.randint(0, 10),
----
------------------------------------------------------
----&gt;&gt; Issue: [B311:blacklist] Standard pseudo-random generators are not suitable for security/cryptographic purposes.
----   Severity: Low   Confidence: High
----   CWE: CWE-330 (https://cwe.mitre.org/data/definitions/330.html)
----   More Info: https://bandit.readthedocs.io/en/1.8.6/blacklists/blacklist_calls.html#b311-random
----   Location: C:\Users\dan_y\Downloads\Compressed\leviathan_os_pro\leviathan_os_pro\leviathan\ingestors\google_trends.py:31:30
----30	                    "series": [random.randint(0, 10) for _ in range(12)],
----31	                    "latest": random.randint(0, 10),
----32	                }
----
------------------------------------------------------
---+	No issues identified.
--- 
--- Code scanned:
----	Total lines of code: 174
---+	Total lines of code: 181
--- 	Total lines skipped (#nosec): 0
--- 	Total potential issues skipped due to specifically being disabled (e.g., #nosec BXXX): 0
--- 
--- Run metrics:
--- 	Total issues (by severity):
--- 		Undefined: 0
----		Low: 2
---+		Low: 0
--- 		Medium: 0
--- 		High: 0
--- 	Total issues (by confidence):
--- 		Undefined: 0
--- 		Low: 0
--- 		Medium: 0
----		High: 2
----Files skipped (0):
---+		High: 0
---+Files skipped (5):
---+	C:\Users\dan_y\Downloads\Compressed\leviathan_os_pro\leviathan_os_pro\leviathan\ingestors\google_trends.py (syntax error while parsing AST from file)
---+	C:\Users\dan_y\Downloads\Compressed\leviathan_os_pro\leviathan_os_pro\leviathan\ingestors\reddit.py (syntax error while parsing AST from file)
---+	C:\Users\dan_y\Downloads\Compressed\leviathan_os_pro\leviathan_os_pro\leviathan\ingestors\youtube.py (syntax error while parsing AST from file)
---+	C:\Users\dan_y\Downloads\Compressed\leviathan_os_pro\leviathan_os_pro\leviathan\processors\trends.py (syntax error while parsing AST from file)
---+	C:\Users\dan_y\Downloads\Compressed\leviathan_os_pro\leviathan_os_pro\leviathan\utils.py (syntax error while parsing AST from file)
--- [main]	INFO	profile include tests: None
--- [main]	INFO	profile exclude tests: None
--- [main]	INFO	cli include tests: None
---@@ -97,181 +73,7 @@
---
--- 
--- ## Mypy Typing
--- ```
----leviathan\processors\cluster.py:3: error: Skipping analyzing "sklearn.cluster": module is installed, but missing library stubs or py.typed marker  [import-untyped]
----leviathan\processors\cluster.py:4: error: Skipping analyzing "sklearn.feature_extraction.text": module is installed, but missing library stubs or py.typed marker  [import-untyped]
----leviathan\ingestors\youtube.py:1: error: Library stubs not installed for "requests"  [import-untyped]
----leviathan\ingestors\youtube.py:1: note: Hint: "python3 -m pip install types-requests"
----leviathan\ingestors\youtube.py:1: note: (or run "mypy --install-types" to install all missing stub packages)
----leviathan\ingestors\reddit.py:1: error: Skipping analyzing "praw": module is installed, but missing library stubs or py.typed marker  [import-untyped]
----leviathan\utils.py:5: error: Library stubs not installed for "pandas"  [import-untyped]
----leviathan\utils.py:5: note: Hint: "python3 -m pip install pandas-stubs"
----leviathan\ingestors\google_trends.py:4: error: Skipping analyzing "pytrends.request": module is installed, but missing library stubs or py.typed marker  [import-untyped]
----leviathan\ingestors\google_trends.py:4: note: See https://mypy.readthedocs.io/en/stable/running_mypy.html#missing-imports
----Found 6 errors in 5 files (checked 6 source files)
---+leviathan\ingestors\google_trends.py:3: error: Unexpected character after line continuation character  [syntax]
---+Found 1 error in 1 file (errors prevented further checking)
--- ```
--- 
----## üîç Changes Since Last Report
----```
------- 
----
----+++ 
----
----@@ -47,7 +47,7 @@
----
---- 
---- ## Bandit Security
---- ```
-----Run started:2025-10-25 08:28:57.479786
----+Run started:2025-10-25 08:29:55.794388
---- 
---- Test results:
---- &gt;&gt; Issue: [B311:blacklist] Standard pseudo-random generators are not suitable for security/cryptographic purposes.
----@@ -110,146 +110,3 @@
----
---- Found 6 errors in 5 files (checked 6 source files)
---- ```
---- 
-----## üîç Changes Since Last Report
-----```
-------- 
-----
-----+++ 
-----
-----@@ -47,7 +47,7 @@
-----
----- 
----- ## Bandit Security
----- ```
------Run started:2025-10-25 08:26:54.645111
-----+Run started:2025-10-25 08:28:57.479786
----- 
----- Test results:
----- &gt;&gt; Issue: [B311:blacklist] Standard pseudo-random generators are not suitable for security/cryptographic purposes.
-----@@ -110,124 +110,3 @@
-----
----- Found 6 errors in 5 files (checked 6 source files)
----- ```
----- 
------## üîç Changes Since Last Report
------```
--------- 
------
------+++ 
------
------@@ -0,0 +1,112 @@
------
------+# üß† Auto Code Check PRO
------+
------+## Syntax Check
------+```
------+
------+```
------+
------+## Flake8 Style
------+```
------+C:\Users\dan_y\Downloads\Compressed\leviathan_os_pro\leviathan_os_pro\leviathan\ingestors\google_trends.py:20:24: E203 whitespace before ':'
------+```
------+
------+## Pylint Logic
------+```
------+************* Module utils
------+leviathan\utils.py:1:0: C0114: Missing module docstring (missing-module-docstring)
------+leviathan\utils.py:8:0: C0116: Missing function or method docstring (missing-function-docstring)
------+leviathan\utils.py:15:0: C0116: Missing function or method docstring (missing-function-docstring)
------+leviathan\utils.py:19:0: C0116: Missing function or method docstring (missing-function-docstring)
------+leviathan\utils.py:23:0: C0116: Missing function or method docstring (missing-function-docstring)
------+leviathan\utils.py:45:0: C0116: Missing function or method docstring (missing-function-docstring)
------+leviathan\utils.py:53:0: C0116: Missing function or method docstring (missing-function-docstring)
------+************* Module ingestors.google_trends
------+leviathan\ingestors\google_trends.py:1:0: C0114: Missing module docstring (missing-module-docstring)
------+leviathan\ingestors\google_trends.py:7:0: C0116: Missing function or method docstring (missing-function-docstring)
------+leviathan\ingestors\google_trends.py:27:15: W0718: Catching too general exception Exception (broad-exception-caught)
------+************* Module ingestors.reddit
------+leviathan\ingestors\reddit.py:1:0: C0114: Missing module docstring (missing-module-docstring)
------+leviathan\ingestors\reddit.py:4:0: C0116: Missing function or method docstring (missing-function-docstring)
------+leviathan\ingestors\reddit.py:24:11: W0718: Catching too general exception Exception (broad-exception-caught)
------+************* Module ingestors.youtube
------+leviathan\ingestors\youtube.py:1:0: C0114: Missing module docstring (missing-module-docstring)
------+leviathan\ingestors\youtube.py:4:0: C0116: Missing function or method docstring (missing-function-docstring)
------+leviathan\ingestors\youtube.py:32:11: W0718: Catching too general exception Exception (broad-exception-caught)
------+************* Module processors.cluster
------+leviathan\processors\cluster.py:1:0: C0114: Missing module docstring (missing-module-docstring)
------+leviathan\processors\cluster.py:7:0: C0116: Missing function or method docstring (missing-function-docstring)
------+leviathan\processors\cluster.py:11:4: C0103: Variable name "X" doesn't conform to snake_case naming style (invalid-name)
------+************* Module processors.trends
------+leviathan\processors\trends.py:1:0: C0114: Missing module docstring (missing-module-docstring)
------+leviathan\processors\trends.py:1:0: C0116: Missing function or method docstring (missing-function-docstring)
------+leviathan\processors\trends.py:16:0: C0116: Missing function or method docstring (missing-function-docstring)
------+
------+------------------------------------------------------------------
------+Your code has been rated at 7.92/10 (previous run: 7.92/10, +0.00)
------+```
------+
------+## Bandit Security
------+```
------+Run started:2025-10-25 08:26:54.645111
------+
------+Test results:
------+&gt;&gt; Issue: [B311:blacklist] Standard pseudo-random generators are not suitable for security/cryptographic purposes.
------+   Severity: Low   Confidence: High
------+   CWE: CWE-330 (https://cwe.mitre.org/data/definitions/330.html)
------+   More Info: https://bandit.readthedocs.io/en/1.8.6/blacklists/blacklist_calls.html#b311-random
------+   Location: C:\Users\dan_y\Downloads\Compressed\leviathan_os_pro\leviathan_os_pro\leviathan\ingestors\google_trends.py:30:31
------+29	                out[k] = {
------+30	                    "series": [random.randint(0, 10) for _ in range(12)],
------+31	                    "latest": random.randint(0, 10),
------+
------+--------------------------------------------------
------+&gt;&gt; Issue: [B311:blacklist] Standard pseudo-random generators are not suitable for security/cryptographic purposes.
------+   Severity: Low   Confidence: High
------+   CWE: CWE-330 (https://cwe.mitre.org/data/definitions/330.html)
------+   More Info: https://bandit.readthedocs.io/en/1.8.6/blacklists/blacklist_calls.html#b311-random
------+   Location: C:\Users\dan_y\Downloads\Compressed\leviathan_os_pro\leviathan_os_pro\leviathan\ingestors\google_trends.py:31:30
------+30	                    "series": [random.randint(0, 10) for _ in range(12)],
------+31	                    "latest": random.randint(0, 10),
------+32	                }
------+
------+--------------------------------------------------
------+
------+Code scanned:
------+	Total lines of code: 174
------+	Total lines skipped (#nosec): 0
------+	Total potential issues skipped due to specifically being disabled (e.g., #nosec BXXX): 0
------+
------+Run metrics:
------+	Total issues (by severity):
------+		Undefined: 0
------+		Low: 2
------+		Medium: 0
------+		High: 0
------+	Total issues (by confidence):
------+		Undefined: 0
------+		Low: 0
------+		Medium: 0
------+		High: 2
------+Files skipped (0):
------+[main]	INFO	profile include tests: None
------+[main]	INFO	profile exclude tests: None
------+[main]	INFO	cli include tests: None
------+[main]	INFO	cli exclude tests: None
------+[main]	INFO	running on Python 3.11.9
------+```
------+
------+## Mypy Typing
------+```
------+leviathan\processors\cluster.py:3: error: Skipping analyzing "sklearn.cluster": module is installed, but missing library stubs or py.typed marker  [import-untyped]
------+leviathan\processors\cluster.py:4: error: Skipping analyzing "sklearn.feature_extraction.text": module is installed, but missing library stubs or py.typed marker  [import-untyped]
------+leviathan\ingestors\youtube.py:1: error: Library stubs not installed for "requests"  [import-untyped]
------+leviathan\ingestors\youtube.py:1: note: Hint: "python3 -m pip install types-requests"
------+leviathan\ingestors\youtube.py:1: note: (or run "mypy --install-types" to install all missing stub packages)
------+leviathan\ingestors\reddit.py:1: error: Skipping analyzing "praw": module is installed, but missing library stubs or py.typed marker  [import-untyped]
------+leviathan\utils.py:5: error: Library stubs not installed for "pandas"  [import-untyped]
------+leviathan\utils.py:5: note: Hint: "python3 -m pip install pandas-stubs"
------+leviathan\ingestors\google_trends.py:4: error: Skipping analyzing "pytrends.request": module is installed, but missing library stubs or py.typed marker  [import-untyped]
------+leviathan\ingestors\google_trends.py:4: note: See https://mypy.readthedocs.io/en/stable/running_mypy.html#missing-imports
------+Found 6 errors in 5 files (checked 6 source files)
------+```
------+
------```
-----```
----```
---```
--```
-```

</pre></body></html>